[2024-08-21 10:33:49,877] INFO in main: Application startup
[2024-08-21 10:33:49,879] INFO in main: Application shutdown
[2024-08-21 10:33:51,923] INFO in main: Application startup
[2024-08-21 10:35:02,028] INFO in main: Application shutdown
[2024-08-21 10:35:05,010] INFO in main: Application startup
[2024-08-21 10:35:08,193] INFO in main: Application shutdown
[2024-08-21 10:35:10,986] INFO in main: Application startup
[2024-08-21 10:35:52,900] INFO in main: Application shutdown
[2024-08-21 10:35:57,670] INFO in main: Application startup
[2024-08-21 10:35:57,672] INFO in main: Application shutdown
[2024-08-21 10:35:59,646] INFO in main: Application startup
[2024-08-21 10:36:08,613] INFO in main: Application shutdown
[2024-08-21 10:36:12,477] INFO in main: Application startup
[2024-08-21 10:51:44,649] INFO in main: Application shutdown
[2024-08-21 10:51:48,114] INFO in main: Application startup
[2024-08-21 10:52:49,230] INFO in main: Application shutdown
[2024-08-21 10:52:51,067] INFO in main: Application startup
[2024-08-21 10:52:51,068] INFO in main: Application shutdown
[2024-08-21 10:52:52,852] INFO in main: Application startup
[2024-08-21 11:15:58,596] INFO in main: Application shutdown
[2024-08-21 11:16:02,733] INFO in main: Application startup
[2024-08-21 11:17:35,080] INFO in main: Application shutdown
[2024-08-21 11:17:38,490] INFO in main: Application startup
[2024-08-21 11:17:44,486] INFO in main: Application shutdown
[2024-08-21 11:17:47,530] INFO in main: Application startup
[2024-08-21 11:18:12,853] INFO in main: Application shutdown
[2024-08-21 11:18:15,801] INFO in main: Application startup
[2024-08-21 11:42:55,594] INFO in main: Application shutdown
[2024-08-21 11:42:59,310] INFO in main: Application startup
[2024-08-24 08:02:42,643] INFO in main: Application startup
[2024-08-24 08:09:56,566] INFO in main: Application shutdown
[2024-08-24 08:09:59,062] INFO in main: Application startup
[2024-08-24 08:10:01,802] INFO in main: Application shutdown
[2024-08-24 08:10:04,675] INFO in main: Application startup
[2024-08-24 08:14:52,747] INFO in main: Application shutdown
[2024-08-24 08:14:55,294] INFO in main: Application startup
[2024-08-24 08:15:18,245] INFO in main: Application shutdown
[2024-08-24 08:15:20,388] INFO in main: Application startup
[2024-08-24 08:18:26,881] INFO in main: Application shutdown
[2024-08-24 08:22:12,910] INFO in main: Application startup
[2024-08-24 08:22:18,174] INFO in main: Application shutdown
[2024-08-24 08:22:20,724] INFO in main: Application startup
[2024-08-24 08:22:28,159] INFO in main: Application shutdown
[2024-08-24 08:22:30,837] INFO in main: Application startup
[2024-08-24 08:25:49,597] INFO in main: Application shutdown
[2024-08-24 08:25:52,459] INFO in main: Application startup
[2024-08-24 08:26:12,345] INFO in main: Application shutdown
[2024-08-24 08:26:14,448] INFO in main: Application startup
[2024-08-24 08:26:18,486] INFO in main: Application shutdown
[2024-08-24 08:26:21,080] INFO in main: Application startup
[2024-08-24 08:26:30,931] INFO in main: Application shutdown
[2024-08-24 08:26:34,967] INFO in main: Application startup
[2024-08-24 08:26:39,073] INFO in main: Request: GET http://127.0.0.1:8000/docs
[2024-08-24 08:26:39,076] INFO in main: Response: 200 GET http://127.0.0.1:8000/docs
[2024-08-24 08:26:39,704] INFO in main: Request: GET http://127.0.0.1:8000/openapi.json
[2024-08-24 08:26:39,755] INFO in main: Response: 200 GET http://127.0.0.1:8000/openapi.json
[2024-08-24 08:26:45,823] INFO in main: Request: POST http://127.0.0.1:8000/movies/
[2024-08-24 08:26:45,828] INFO in main: Response: 401 POST http://127.0.0.1:8000/movies/
[2024-08-24 08:31:23,266] INFO in main: Application shutdown
[2024-08-24 08:31:25,954] INFO in main: Application startup
[2024-08-24 08:31:42,947] INFO in main: Application shutdown
